<?xml version="1.0" encoding="UTF-8"?>
<testsuite xmlns:xsi="http://www.w3.org/2001/XMLSchema-instance" xsi:noNamespaceSchemaLocation="https://maven.apache.org/surefire/maven-surefire-plugin/xsd/surefire-test-report.xsd" version="3.0.2" name="com.Api.Prices.Domain.Model.PricesTest" time="0.002" tests="4" errors="0" skipped="0" failures="0">
  <properties>
[...]
</properties>
  <testcase name="testToString" classname="com.Api.Prices.Domain.Model.PricesTest" time="0.0"/>
  <testcase name="testEqualsAndHashCode" classname="com.Api.Prices.Domain.Model.PricesTest" time="0.001"/>
  <testcase name="testAllArgsConstructorAndGetters" classname="com.Api.Prices.Domain.Model.PricesTest" time="0.0"/>
  <testcase name="testNoArgsConstructorAndSetters" classname="com.Api.Prices.Domain.Model.PricesTest" time="0.0"/>
</testsuite>